[debug] [2025-04-29T16:00:04.700Z] ----------------------------------------------------------------------
[debug] [2025-04-29T16:00:04.712Z] Command:       C:\Program Files\nodejs\node.exe C:\Users\CHANDRU SHREE\AppData\Roaming\npm\node_modules\firebase-tools\lib\bin\firebase.js init functions
[debug] [2025-04-29T16:00:04.712Z] CLI Version:   14.2.1
[debug] [2025-04-29T16:00:04.712Z] Platform:      win32
[debug] [2025-04-29T16:00:04.712Z] Node Version:  v22.14.0
[debug] [2025-04-29T16:00:04.713Z] Time:          Tue Apr 29 2025 21:30:04 GMT+0530 (India Standard Time)
[debug] [2025-04-29T16:00:04.713Z] ----------------------------------------------------------------------
[debug] 
[debug] [2025-04-29T16:00:04.898Z] > command requires scopes: ["email","openid","https://www.googleapis.com/auth/cloudplatformprojects.readonly","https://www.googleapis.com/auth/firebase","https://www.googleapis.com/auth/cloud-platform"]
[debug] [2025-04-29T16:00:04.898Z] > authorizing via signed-in user (lakshmanan12102003@gmail.com)
[info] 
     ######## #### ########  ######## ########     ###     ######  ########
     ##        ##  ##     ## ##       ##     ##  ##   ##  ##       ##
     ######    ##  ########  ######   ########  #########  ######  ######
     ##        ##  ##    ##  ##       ##     ## ##     ##       ## ##
     ##       #### ##     ## ######## ########  ##     ##  ######  ########

You're about to initialize a Firebase project in this directory:

  E:\dropfisher

Before we get started, keep in mind:

  * You are initializing within an existing Firebase project directory

[info] 
=== Project Setup
[info] 
[info] First, let's associate this project directory with a Firebase project.
[info] You can create multiple project aliases by running firebase use --add, 
[info] but for now we'll just set up a default project.
[info] 
[debug] [2025-04-29T16:00:04.926Z] Using project from CLI flag: dropfisher-34493
[debug] [2025-04-29T16:00:04.928Z] Checked if tokens are valid: true, expires at: 1745944957062
[debug] [2025-04-29T16:00:04.928Z] Checked if tokens are valid: true, expires at: 1745944957062
[debug] [2025-04-29T16:00:04.929Z] >>> [apiv2][query] GET https://firebase.googleapis.com/v1beta1/projects/dropfisher-34493 [none]
[debug] [2025-04-29T16:00:05.708Z] <<< [apiv2][status] GET https://firebase.googleapis.com/v1beta1/projects/dropfisher-34493 200
[debug] [2025-04-29T16:00:05.708Z] <<< [apiv2][body] GET https://firebase.googleapis.com/v1beta1/projects/dropfisher-34493 {"projectId":"dropfisher-34493","projectNumber":"350001066724","displayName":"DROPFISHER","name":"projects/dropfisher-34493","resources":{"hostingSite":"dropfisher-34493","realtimeDatabaseInstance":"dropfisher-34493-default-rtdb"},"state":"ACTIVE","etag":"1_f9de0abf-32c4-45e1-a0bb-77ee1a6ebb62"}
[info] i  Using project dropfisher-34493 (DROPFISHER) 
[info] 
=== Functions Setup
[debug] [2025-04-29T16:00:05.713Z] > command requires scopes: ["email","openid","https://www.googleapis.com/auth/cloudplatformprojects.readonly","https://www.googleapis.com/auth/firebase","https://www.googleapis.com/auth/cloud-platform"]
[debug] [2025-04-29T16:00:05.713Z] > authorizing via signed-in user (lakshmanan12102003@gmail.com)
[debug] [2025-04-29T16:00:05.713Z] [iam] checking project dropfisher-34493 for permissions ["firebase.projects.get"]
[debug] [2025-04-29T16:00:05.713Z] Checked if tokens are valid: true, expires at: 1745944957062
[debug] [2025-04-29T16:00:05.713Z] Checked if tokens are valid: true, expires at: 1745944957062
[debug] [2025-04-29T16:00:05.713Z] >>> [apiv2][query] POST https://cloudresourcemanager.googleapis.com/v1/projects/dropfisher-34493:testIamPermissions [none]
[debug] [2025-04-29T16:00:05.713Z] >>> [apiv2][(partial)header] POST https://cloudresourcemanager.googleapis.com/v1/projects/dropfisher-34493:testIamPermissions x-goog-quota-user=projects/dropfisher-34493
[debug] [2025-04-29T16:00:05.713Z] >>> [apiv2][body] POST https://cloudresourcemanager.googleapis.com/v1/projects/dropfisher-34493:testIamPermissions {"permissions":["firebase.projects.get"]}
[debug] [2025-04-29T16:00:07.247Z] <<< [apiv2][status] POST https://cloudresourcemanager.googleapis.com/v1/projects/dropfisher-34493:testIamPermissions 200
[debug] [2025-04-29T16:00:07.247Z] <<< [apiv2][body] POST https://cloudresourcemanager.googleapis.com/v1/projects/dropfisher-34493:testIamPermissions {"permissions":["firebase.projects.get"]}
[debug] [2025-04-29T16:00:07.248Z] Checked if tokens are valid: true, expires at: 1745944957062
[debug] [2025-04-29T16:00:07.248Z] Checked if tokens are valid: true, expires at: 1745944957062
[debug] [2025-04-29T16:00:07.248Z] Checked if tokens are valid: true, expires at: 1745944957062
[debug] [2025-04-29T16:00:07.248Z] Checked if tokens are valid: true, expires at: 1745944957062
[debug] [2025-04-29T16:00:07.248Z] >>> [apiv2][query] GET https://serviceusage.googleapis.com/v1/projects/dropfisher-34493/services/cloudfunctions.googleapis.com [none]
[debug] [2025-04-29T16:00:07.248Z] >>> [apiv2][(partial)header] GET https://serviceusage.googleapis.com/v1/projects/dropfisher-34493/services/cloudfunctions.googleapis.com x-goog-quota-user=projects/dropfisher-34493
[debug] [2025-04-29T16:00:07.249Z] >>> [apiv2][query] GET https://serviceusage.googleapis.com/v1/projects/dropfisher-34493/services/runtimeconfig.googleapis.com [none]
[debug] [2025-04-29T16:00:07.249Z] >>> [apiv2][(partial)header] GET https://serviceusage.googleapis.com/v1/projects/dropfisher-34493/services/runtimeconfig.googleapis.com x-goog-quota-user=projects/dropfisher-34493
[debug] [2025-04-29T16:00:08.922Z] <<< [apiv2][status] GET https://serviceusage.googleapis.com/v1/projects/dropfisher-34493/services/runtimeconfig.googleapis.com 200
[debug] [2025-04-29T16:00:08.923Z] <<< [apiv2][body] GET https://serviceusage.googleapis.com/v1/projects/dropfisher-34493/services/runtimeconfig.googleapis.com [omitted]
[debug] [2025-04-29T16:00:08.924Z] <<< [apiv2][status] GET https://serviceusage.googleapis.com/v1/projects/dropfisher-34493/services/cloudfunctions.googleapis.com 200
[debug] [2025-04-29T16:00:08.924Z] <<< [apiv2][body] GET https://serviceusage.googleapis.com/v1/projects/dropfisher-34493/services/cloudfunctions.googleapis.com [omitted]
[info] 
Detected existing codebase(s): default

